*** Starting uWSGI 2.0.18 (64bit) on [Sat Apr 27 22:52:06 2019] ***
compiled with version: 4.8.5 20150623 (Red Hat 4.8.5-36) on 27 April 2019 12:22:40
os: Linux-3.10.0-514.26.2.el7.x86_64 #1 SMP Tue Jul 4 15:04:05 UTC 2017
nodename: iz2ze69udf3fibihlinz4iz
machine: x86_64
clock source: unix
detected number of CPU cores: 1
current working directory: /root/xinjingshi
writing pidfile to uwsgi.pid
detected binary path: /usr/bin/uwsgi
!!! no internal routing support, rebuild with pcre support !!!
uWSGI running as root, you can use --uid/--gid/--chroot options
*** WARNING: you are running uWSGI as root !!! (use the --uid flag) *** 
chdir() to /root/xinjingshi
your processes number limit is 3889
your memory page size is 4096 bytes
detected max file descriptor number: 65535
lock engine: pthread robust mutexes
thunder lock: disabled (you can enable it with --thunder-lock)
bind(): No such file or directory [core/socket.c line 230]
